# JRE version: Java(TM) SE Runtime Environment (9.0+11) (build 9.0.4+11)
# Java VM: Java HotSpot(TM) 64-Bit Server VM (9.0.4+11, mixed mode, tiered, compressed oops, g1 gc, windows-amd64)
Heap:
 garbage-first heap   total 384000K, used 261933K [0x0000000700000000, 0x0000000700100bb8, 0x00000007c0000000)
  region size 1024K, 33 young (33792K), 3 survivors (3072K)
 Metaspace       used 106836K, capacity 109377K, committed 117500K, reserved 1150976K
  class space    used 14656K, capacity 15169K, committed 16892K, reserved 1048576K
GC Heap History (10 events):
Event: 12029.137 GC heap before
{Heap before GC invocations=2012 (full 250):
 garbage-first heap   total 384000K, used 290518K [0x0000000700000000, 0x0000000700100bb8, 0x00000007c0000000)
  region size 1024K, 60 young (61440K), 3 survivors (3072K)
 Metaspace       used 106821K, capacity 109377K, committed 117500K, reserved 1150976K
  class space    used 14656K, capacity 15169K, committed 16892K, reserved 1048576K
}
Event: 12029.140 GC heap after
{Heap after GC invocations=2013 (full 250):
 garbage-first heap   total 384000K, used 231902K [0x0000000700000000, 0x0000000700100bb8, 0x00000007c0000000)
  region size 1024K, 2 young (2048K), 2 survivors (2048K)
 Metaspace       used 106821K, capacity 109377K, committed 117500K, reserved 1150976K
  class space    used 14656K, capacity 15169K, committed 16892K, reserved 1048576K
}
Event: 12075.354 GC heap before
{Heap before GC invocations=2013 (full 250):
 garbage-first heap   total 384000K, used 291294K [0x0000000700000000, 0x0000000700100bb8, 0x00000007c0000000)
  region size 1024K, 60 young (61440K), 2 survivors (2048K)
 Metaspace       used 106821K, capacity 109377K, committed 117500K, reserved 1150976K
  class space    used 14656K, capacity 15169K, committed 16892K, reserved 1048576K
}
Event: 12075.356 GC heap after
{Heap after GC invocations=2014 (full 250):
 garbage-first heap   total 384000K, used 231980K [0x0000000700000000, 0x0000000700100bb8, 0x00000007c0000000)
  region size 1024K, 2 young (2048K), 2 survivors (2048K)
 Metaspace       used 106821K, capacity 109377K, committed 117500K, reserved 1150976K
  class space    used 14656K, capacity 15169K, committed 16892K, reserved 1048576K
}
Event: 12100.702 GC heap before
{Heap before GC invocations=2014 (full 250):
 garbage-first heap   total 384000K, used 291372K [0x0000000700000000, 0x0000000700100bb8, 0x00000007c0000000)
  region size 1024K, 60 young (61440K), 2 survivors (2048K)
 Metaspace       used 106822K, capacity 109377K, committed 117500K, reserved 1150976K
  class space    used 14656K, capacity 15169K, committed 16892K, reserved 1048576K
}
Event: 12100.707 GC heap after
{Heap after GC invocations=2015 (full 250):
 garbage-first heap   total 384000K, used 232131K [0x0000000700000000, 0x0000000700100bb8, 0x00000007c0000000)
  region size 1024K, 3 young (3072K), 3 survivors (3072K)
 Metaspace       used 106822K, capacity 109377K, committed 117500K, reserved 1150976K
  class space    used 14656K, capacity 15169K, committed 16892K, reserved 1048576K
}
Event: 12111.934 GC heap before
{Heap before GC invocations=2015 (full 250):
 garbage-first heap   total 384000K, used 290499K [0x0000000700000000, 0x0000000700100bb8, 0x00000007c0000000)
  region size 1024K, 60 young (61440K), 3 survivors (3072K)
 Metaspace       used 106824K, capacity 109377K, committed 117500K, reserved 1150976K
  class space    used 14656K, capacity 15169K, committed 16892K, reserved 1048576K
}
Event: 12111.939 GC heap after
{Heap after GC invocations=2016 (full 250):
 garbage-first heap   total 384000K, used 232062K [0x0000000700000000, 0x0000000700100bb8, 0x00000007c0000000)
  region size 1024K, 3 young (3072K), 3 survivors (3072K)
 Metaspace       used 106824K, capacity 109377K, committed 117500K, reserved 1150976K
  class space    used 14656K, capacity 15169K, committed 16892K, reserved 1048576K
}
Event: 12128.008 GC heap before
{Heap before GC invocations=2016 (full 250):
 garbage-first heap   total 384000K, used 290430K [0x0000000700000000, 0x0000000700100bb8, 0x00000007c0000000)
  region size 1024K, 60 young (61440K), 3 survivors (3072K)
 Metaspace       used 106836K, capacity 109377K, committed 117500K, reserved 1150976K
  class space    used 14656K, capacity 15169K, committed 16892K, reserved 1048576K
}
Event: 12128.012 GC heap after
{Heap after GC invocations=2017 (full 250):
 garbage-first heap   total 384000K, used 232237K [0x0000000700000000, 0x0000000700100bb8, 0x00000007c0000000)
  region size 1024K, 3 young (3072K), 3 survivors (3072K)
 Metaspace       used 106836K, capacity 109377K, committed 117500K, reserved 1150976K
  class space    used 14656K, capacity 15169K, committed 16892K, reserved 1048576K
}

